\BOOKMARK [1][-]{section.1}{\376\377\137\025\212\000}{}% 1
\BOOKMARK [2][-]{subsection.1.1}{\376\377\000D\000i\000r\000i\000c\000h\000l\000e\000t\000\040\000L\000-\120\074}{section.1}% 2
\BOOKMARK [2][-]{subsection.1.2}{\376\377\116\016\000\040\000A\000p\000\351\000r\000y\000\040\135\345\117\134\166\204\133\371\153\324}{section.1}% 3
\BOOKMARK [2][-]{subsection.1.3}{\376\377\220\032\137\200\133\232\164\006\000\040\000A\000\040\124\214\000\040\000C\000\040\166\204\215\357\137\204\116\345\123\312\213\272\145\207\151\202\217\360}{section.1}% 4
\BOOKMARK [1][-]{section.2}{\376\377\116\073\173\227\147\057\000\040\000h\000o\000l\000o\000n\000o\000m\000y\000\040\217\271\165\114}{}% 5
\BOOKMARK [2][-]{subsection.2.1}{\376\377\116\343\145\160\140\305\121\265}{section.2}% 6
\BOOKMARK [2][-]{subsection.2.2}{\376\377\122\006\153\315}{section.2}% 7
\BOOKMARK [2][-]{subsection.2.3}{\376\377\124\004\171\315\000\040\000h\000o\000l\000o\000n\000o\000m\000y\000\040\217\271\165\114\230\204\211\310}{section.2}% 8
\BOOKMARK [2][-]{subsection.2.4}{\376\377\000N\000e\000v\000a\000n\000l\000i\000n\000n\000a\000\040\165\037\225\177\162\171\137\201\166\204\123\330\117\123}{section.2}% 9
\BOOKMARK [2][-]{subsection.2.5}{\376\377\173\227\147\057\000\040\000h\000o\000l\000o\000n\000o\000m\000y\000\040\217\271\165\114\377\014\127\372\147\054\137\142\137\017}{section.2}% 10
\BOOKMARK [2][-]{subsection.2.6}{\376\377\000S\000i\000e\000g\000e\000l\000\040\166\204\000\040\000G\000-\121\375\145\160}{section.2}% 11
\BOOKMARK [2][-]{subsection.2.7}{\376\377\123\125\120\074\000\040\000h\000o\000l\000o\000n\000o\000m\000y\000\040\217\271\165\114\116\016\133\371\145\160\166\204\173\227\147\057\162\171\137\201}{section.2}% 12
\BOOKMARK [3][-]{subsubsection.2.7.1}{\376\377\133\232\164\006\000\040\0002\000.\0007\000.\0001\000\040\117\134\116\072\000\040\000B\000o\000r\000e\000l\040\023\000P\000\363\000l\000y\000a\040\023\000Z\000u\000d\000i\000l\000i\000n\000\040\147\011\164\006\140\047\122\044\143\156\166\204\174\276\176\306\123\026}{subsection.2.7}% 13
\BOOKMARK [2][-]{subsection.2.8}{\376\377\215\205\215\212\133\371\145\160\166\204\173\227\147\057\162\171\137\201}{section.2}% 14
\BOOKMARK [2][-]{subsection.2.9}{\376\377\215\205\145\066\145\133\116\016\123\125\120\074\123\366}{section.2}% 15
\BOOKMARK [3][-]{subsubsection.2.9.1}{\376\377\152\041\000\040\000\040\146\040\134\004}{subsection.2.9}% 16
\BOOKMARK [2][-]{subsection.2.10}{\376\377\231\226\142\171\145\340\164\006\145\160\213\301\146\016}{section.2}% 17
\BOOKMARK [2][-]{subsection.2.11}{\376\377\131\032\120\074\140\305\121\265\377\032\231\226\142\171\145\260\166\204\176\277\140\047\145\340\121\163\140\047\176\323\147\234}{section.2}% 18
\BOOKMARK [3][-]{subsubsection.2.11.1}{\376\377\116\000\116\233\155\367\124\010\124\150\147\037}{subsection.2.11}% 19
\BOOKMARK [2][-]{subsection.2.12}{\376\377\142\021\116\354\131\202\117\125\213\301\146\016\000\040\000h\000o\000l\000o\000n\000o\000m\000y\000\040\217\271\165\114}{section.2}% 20
\BOOKMARK [2][-]{subsection.2.13}{\376\377\174\276\176\306\123\026\145\271\154\325}{section.2}% 21
\BOOKMARK [3][-]{subsubsection.2.13.1}{\376\377\123\357\200\375\166\204\155\210\220\035\226\066\145\160}{subsection.2.13}% 22
\BOOKMARK [3][-]{subsubsection.2.13.2}{\376\377\137\256\122\006\116\343\145\160\145\271\154\325\116\016\121\375\145\160\122\243\220\074\217\321\140\047}{subsection.2.13}% 23
\BOOKMARK [3][-]{subsubsection.2.13.3}{\376\377\131\032\123\330\221\317\211\343\225\001\131\047\145\160\133\232\137\213}{subsection.2.13}% 24
\BOOKMARK [3][-]{subsubsection.2.13.4}{\376\377\232\330\176\364\123\302\145\160\213\241\145\160}{subsection.2.13}% 25
\BOOKMARK [3][-]{subsubsection.2.13.5}{\376\377\133\371\122\006\153\315\166\204\137\161\124\315}{subsection.2.13}% 26
\BOOKMARK [3][-]{subsubsection.2.13.6}{\376\377\131\015\122\006\147\220\135\345\121\167}{subsection.2.13}% 27
\BOOKMARK [3][-]{subsubsection.2.13.7}{\376\377\122\250\140\001\142\275\134\111\123\237\164\006\142\026\146\364\174\276\176\306\166\204\121\340\117\125\145\160\213\272}{subsection.2.13}% 28
\BOOKMARK [3][-]{subsubsection.2.13.8}{\376\377\136\046\147\011\000\040\000B\000o\000s\000t\040\023\000C\000h\000a\000r\000l\000e\000s\000\040\000B\000C\0002\0002\000\040\142\020\122\006\166\204\000\040\000B\000o\000s\000t\000\040\145\234\163\207\145\271\154\325}{subsection.2.13}% 29
\BOOKMARK [3][-]{subsubsection.2.13.9}{\376\377\147\102\230\171}{subsection.2.13}% 30
\BOOKMARK [1][-]{section.3}{\376\377\217\307\156\344\213\304\117\060\152\041\116\016\121\375\145\160\215\205\215\212\140\047}{}% 31
\BOOKMARK [2][-]{subsection.3.1}{\376\377\173\033\123\141\134\024\116\130\171\357\166\204\213\304\117\060\152\041}{section.3}% 32
\BOOKMARK [3][-]{subsubsection.3.1.1}{\376\377\213\304\117\060\152\041}{subsection.3.1}% 33
\BOOKMARK [3][-]{subsubsection.3.1.2}{\376\377\213\304\117\060\217\307\156\344}{subsection.3.1}% 34
\BOOKMARK [3][-]{subsubsection.3.1.3}{\376\377\173\033\123\141\134\024\116\130\171\357}{subsection.3.1}% 35
\BOOKMARK [2][-]{subsection.3.2}{\376\377\121\375\145\160\000\040\000b\000a\000d\000\040\000a\000p\000p\000r\000o\000x\000i\000m\000a\000b\000i\000l\000i\000t\000y\000\040\133\232\164\006}{section.3}% 36
\BOOKMARK [2][-]{subsection.3.3}{\376\377\000H\000e\000r\000m\000i\000t\000e\000-\000P\000a\000d\000\351\000\040\220\074\217\321\166\204\116\000\116\233\146\076\137\017\147\204\220\040}{section.3}% 37
\BOOKMARK [3][-]{subsubsection.3.3.1}{\376\377\000H\000e\000r\000m\000i\000t\000e\000\040\220\074\217\321}{subsection.3.3}% 38
\BOOKMARK [3][-]{subsubsection.3.3.2}{\376\377\224\210\133\371\000\040\000\050\0001\000-\000x\000\051\000\040\166\204\000\040\000H\000e\000r\000m\000i\000t\000e\000-\000P\000a\000d\000\351\000\040\220\074\217\321}{subsection.3.3}% 39
\BOOKMARK [3][-]{subsubsection.3.3.3}{\376\377\224\210\133\371\000\040\000\050\0001\000-\000x\000\051\000\040\166\204\000\040\000H\000e\000r\000m\000i\000t\000e\000-\000P\000a\000d\000\351\000\040\220\074\217\321}{subsection.3.3}% 40
\BOOKMARK [3][-]{subsubsection.3.3.4}{\376\377\224\210\133\371\000\040\000\050\0001\000-\000x\0001\000+\000x\000\051\000\040\166\204\000\040\000H\000e\000r\000m\000i\000t\000e\000-\000P\000a\000d\000\351\000\040\220\074\217\321}{subsection.3.3}% 41
\BOOKMARK [1][-]{section.4}{\376\377\155\113\136\246\166\204\226\306\116\055\172\013\136\246}{}% 42
\BOOKMARK [2][-]{subsection.4.1}{\376\377\000E\000r\000d\001\121\000s\040\023\000T\000u\000r\000\341\000n\000\040\217\271\165\114}{section.4}% 43
\BOOKMARK [2][-]{subsection.4.2}{\376\377\131\047\120\117\135\356\217\271\165\114}{section.4}% 44
\BOOKMARK [1][-]{section.5}{\376\377\116\000\116\052\171\357\122\006\166\204\142\020\147\054}{}% 45
\BOOKMARK [1][-]{section.6}{\376\377\174\276\176\306\000\040\000h\000o\000l\000o\000n\000o\000m\000y\000\040\217\271\165\114}{}% 46
\BOOKMARK [2][-]{subsection.6.1}{\376\377\154\064\136\163\171\357\122\006}{section.6}% 47
\BOOKMARK [3][-]{subsubsection.6.1.1}{\376\377\000T\000h\000u\000e\040\023\000S\000h\000i\000d\000l\000o\000v\000s\000k\000y\000\040\140\035\140\363}{subsection.6.1}% 48
\BOOKMARK [3][-]{subsubsection.6.1.2}{\376\377\226\077\127\372\174\163\137\267\174\276\176\306\123\026}{subsection.6.1}% 49
\BOOKMARK [3][-]{subsubsection.6.1.3}{\376\377\173\227\147\057\174\276\176\306\123\026}{subsection.6.1}% 50
\BOOKMARK [2][-]{subsection.6.2}{\376\377\217\205\122\251\147\204\220\040}{section.6}% 51
\BOOKMARK [2][-]{subsection.6.3}{\376\377\142\275\134\111\123\237\164\006\153\145\232\244\000:\000\040\137\025\164\006\000\040\0006\000.\0002\000.\0006\000\040\166\204\213\301\146\016}{section.6}% 52
\BOOKMARK [2][-]{subsection.6.4}{\376\377\144\255\171\315}{section.6}% 53
\BOOKMARK [2][-]{subsection.6.5}{\376\377\173\111\122\006\136\003\140\047}{section.6}% 54
\BOOKMARK [3][-]{subsubsection.6.5.1}{\376\377\000V\000a\000n\000d\000e\000r\000m\000o\000n\000d\000e\000\040\126\340\133\120}{subsection.6.5}% 55
\BOOKMARK [3][-]{subsubsection.6.5.2}{\376\377\121\150\176\257\226\073\134\074\126\150}{subsection.6.5}% 56
\BOOKMARK [3][-]{subsubsection.6.5.3}{\376\377\215\350\123\330\221\317\171\357\122\006}{subsection.6.5}% 57
\BOOKMARK [3][-]{subsubsection.6.5.4}{\376\377\145\160\120\074\171\357\122\006}{subsection.6.5}% 58
\BOOKMARK [3][-]{subsubsection.6.5.5}{\376\377\126\152\130\360\155\210\226\144}{subsection.6.5}% 59
\BOOKMARK [3][-]{subsubsection.6.5.6}{\376\377\000C\000a\000u\000c\000h\000y\000\040\217\271\165\114}{subsection.6.5}% 60
\BOOKMARK [2][-]{subsection.6.6}{\376\377\122\006\153\315\173\227\147\057}{section.6}% 61
\BOOKMARK [3][-]{subsubsection.6.6.1}{\376\377\121\163\116\216\000\040\000\040\166\204\230\204\211\310}{subsection.6.6}% 62
\BOOKMARK [3][-]{subsubsection.6.6.2}{\376\377\000\050\000b\000\051\000\040\220\350\122\006}{subsection.6.6}% 63
\BOOKMARK [3][-]{subsubsection.6.6.3}{\376\377\000\050\000e\000\051\000\040\220\350\122\006}{subsection.6.6}% 64
\BOOKMARK [2][-]{subsection.6.7}{\376\377\133\232\164\006\000\040\0006\000.\0000\000.\0002\000\040\166\204\213\301\146\016}{section.6}% 65
\BOOKMARK [2][-]{subsection.6.8}{\376\377\133\232\164\006\000\040\0002\000.\0008\000.\0004\000\040\213\301\146\016\166\204\133\214\142\020}{section.6}% 66
\BOOKMARK [1][-]{section.7}{\376\377\000B\000o\000s\000t\000\040\145\234\163\207\145\271\154\325\116\055\166\204\121\370\140\047}{}% 67
\BOOKMARK [2][-]{subsection.7.1}{\376\377\147\145\201\352\121\370\140\047\166\204\145\071\217\333}{section.7}% 68
\BOOKMARK [3][-]{subsubsection.7.1.1}{\376\377\000B\000o\000s\000t\040\023\000C\000h\000a\000r\000l\000e\000s\000\040\162\171\137\201}{subsection.7.1}% 69
\BOOKMARK [3][-]{subsubsection.7.1.2}{\376\377\116\214\230\171\137\017\136\246\221\317}{subsection.7.1}% 70
\BOOKMARK [2][-]{subsection.7.2}{\376\377\000B\000o\000s\000t\000\040\145\234\163\207\145\271\154\325\173\200\217\360}{section.7}% 71
\BOOKMARK [3][-]{subsubsection.7.2.1}{\376\377\000S\000p\000e\000c\000\040\000Z\000\040\116\012\166\204\000\040\000H\000e\000r\000m\000i\000t\000i\000a\000n\000\040\124\021\221\317\116\033}{subsection.7.2}% 72
\BOOKMARK [3][-]{subsubsection.7.2.2}{\376\377\153\047\121\340\221\314\137\227\150\074\166\204\145\234\163\207\116\016\124\014\140\001\166\204\232\330\136\246}{subsection.7.2}% 73
\BOOKMARK [3][-]{subsubsection.7.2.3}{\376\377\000B\000o\000s\000t\000\040\145\234\163\207\116\015\173\111\137\017}{subsection.7.2}% 74
\BOOKMARK [2][-]{subsection.7.3}{\376\377\000B\000o\000s\000t\040\023\000C\000h\000a\000r\000l\000e\000s\000\040\217\271\165\114}{section.7}% 75
\BOOKMARK [3][-]{subsubsection.7.3.1}{\376\377\000B\000o\000s\000t\040\023\000C\000h\000a\000r\000l\000e\000s\000\040\136\246\221\317}{subsection.7.3}% 76
\BOOKMARK [3][-]{subsubsection.7.3.2}{\376\377\166\364\143\245\120\317\116\016\173\227\147\057\000\040\000H\000i\000l\000b\000e\000r\000t\040\023\000S\000a\000m\000u\000e\000l}{subsection.7.3}% 77
\BOOKMARK [2][-]{subsection.7.4}{\376\377\000B\000o\000s\000t\040\023\000C\000h\000a\000r\000l\000e\000s\000\040\217\271\165\114\166\204\121\370\140\047\130\236\137\072}{section.7}% 78
\BOOKMARK [2][-]{subsection.7.5}{\376\377\116\214\230\171\137\017\136\246\221\317\377\032\133\232\164\006\000\040\0007\000.\0001\000.\0001\0003\000\040\166\204\213\301\146\016}{section.7}% 79
\BOOKMARK [2][-]{subsection.7.6}{\376\377\217\333\116\000\153\145\166\204\145\071\217\333}{section.7}% 80
\BOOKMARK [2][-]{subsection.7.7}{\376\377\121\163\116\216\176\325\217\307\173\054\000\040\0003\000.\0002\000\040\202\202\116\055\000\040\000K\000o\000l\000c\000h\000i\000n\040\023\000S\000h\000i\000d\000l\000o\000v\000s\000k\000y\000\040\174\173\127\213\133\232\164\006\166\204\213\250\213\272}{section.7}% 81
\BOOKMARK [3][-]{subsubsection.7.7.1}{\376\377\121\163\116\216\133\232\164\006\000\040\0007\000.\0000\000.\0001\000\040\166\204\213\250\213\272}{subsection.7.7}% 82
\BOOKMARK [3][-]{subsubsection.7.7.2}{\376\377\121\163\116\216\133\232\164\006\000\040\0007\000.\0001\000.\0006\000\040\116\055\000\040\000e\000\040\000=\000\040\0000\000\040\140\305\121\265\166\204\213\250\213\272}{subsection.7.7}% 83
\BOOKMARK [3][-]{subsubsection.7.7.3}{\376\377\121\163\116\216\133\232\164\006\000\040\0007\000.\0001\000.\0001\0003\000\040\166\204\213\250\213\272}{subsection.7.7}% 84
\BOOKMARK [1][-]{section.8}{\376\377\127\372\116\216\000\040\000B\000o\000s\000t\040\023\000C\000h\000a\000r\000l\000e\000s\000\040\171\357\122\006\166\204\146\364\174\276\176\306\000\040\000h\000o\000l\000o\000n\000o\000m\000y\000\040\217\271\165\114}{}% 85
\BOOKMARK [2][-]{subsection.8.1}{\376\377\000B\000o\000s\000t\040\023\000C\000h\000a\000r\000l\000e\000s\000\040\171\357\122\006\116\016\221\315\143\222\171\357\122\006\166\204\153\324\217\203}{section.8}% 86
\BOOKMARK [3][-]{subsubsection.8.1.1}{\376\377\200\375\221\317\123\237\164\006}{subsection.8.1}% 87
\BOOKMARK [3][-]{subsubsection.8.1.2}{\376\377\000F\000u\000g\000l\000e\000d\000e\000\040\116\015\173\111\137\017}{subsection.8.1}% 88
\BOOKMARK [3][-]{subsubsection.8.1.3}{\376\377\000M\000i\000c\000h\000e\000l\000l\000i\000\040\121\163\116\216\153\143\133\232\150\070\166\204\121\306\122\031}{subsection.8.1}% 89
\BOOKMARK [3][-]{subsubsection.8.1.4}{\376\377\166\370\116\244\221\115\133\371\116\016\150\007\123\367}{subsection.8.1}% 90
\BOOKMARK [3][-]{subsubsection.8.1.5}{\376\377\000N\000a\000z\000a\000r\000o\000v\000\040\116\015\173\111\137\017}{subsection.8.1}% 91
\BOOKMARK [2][-]{subsection.8.2}{\376\377\133\232\164\006\000\040\0008\000.\0000\000.\0001\000\040\166\204\213\301\146\016}{section.8}% 92
\BOOKMARK [3][-]{subsubsection.8.2.1}{\376\377\153\047\121\340\221\314\137\227\150\074}{subsection.8.2}% 93
\BOOKMARK [3][-]{subsubsection.8.2.2}{\376\377\173\227\147\057\136\246}{subsection.8.2}% 94
\BOOKMARK [3][-]{subsubsection.8.2.3}{\376\377\213\304\117\060\217\307\156\344}{subsection.8.2}% 95
\BOOKMARK [3][-]{subsubsection.8.2.4}{\376\377\226\077\127\372\174\163\137\267\117\060\213\241}{subsection.8.2}% 96
\BOOKMARK [3][-]{subsubsection.8.2.5}{\376\377\227\136\226\077\127\372\174\163\137\267\117\060\213\241}{subsection.8.2}% 97
\BOOKMARK [3][-]{subsubsection.8.2.6}{\376\377\133\232\164\006\000\040\0008\000.\0000\000.\0001\000\040\213\301\146\016\166\204\176\323\213\272}{subsection.8.2}% 98
\BOOKMARK [2][-]{subsection.8.3}{\376\377\133\232\164\006\000\040\0006\000.\0000\000.\0002\000\040\127\050\145\234\163\207\145\271\154\325\116\055\166\204\217\330\123\237}{section.8}% 99
\BOOKMARK [1][-]{section.9}{\376\377\000Y\000\050\0002\000\051\000\040\116\016\000\040\000Y\000\137\0000\000\050\0002\000\051\000\040\166\204\121\163\174\373}{}% 100
\BOOKMARK [1][-]{section.10}{\376\377\127\050\000\040\000P\0001\000\040\000\173\0000\000,\0001\000,\000\175\000\040\124\214\000\040\000P\0001\000\040\000\173\0000\000,\0004\000,\000\175\000\040\116\012\166\204\176\257\121\375\145\160}{}% 101
\BOOKMARK [2][-]{subsection.10.1}{\376\377\127\050\000\040\000P\0001\000\040\000\173\0000\000,\000\040\0001\000,\000\040\000\175\000\040\116\012\166\204\116\224\116\052\000\040\000[\0001\000,\000\040\040\046\000,\000\040\000n\000]\0002\000\040\127\213\121\375\145\160}{section.10}% 102
\BOOKMARK [2][-]{subsection.10.2}{\376\377\155\373\122\240\166\204\171\357\122\006}{section.10}% 103
\BOOKMARK [2][-]{subsection.10.3}{\376\377\131\032\221\315\200\132\133\371\145\160\163\257}{section.10}% 104
\BOOKMARK [1][-]{section.11}{\376\377\000Z\000a\000g\000i\000e\000r\000\040\136\217\122\027\000\040\000A\000\040\116\016\000\040\000C}{}% 105
\BOOKMARK [2][-]{subsection.11.1}{\376\377\133\232\116\111\116\016\127\372\147\054\140\047\215\050}{section.11}% 106
\BOOKMARK [2][-]{subsection.11.2}{\376\377\000H\000\050\000x\000\051\000\040\166\204\133\371\171\360\123\026}{section.11}% 107
\BOOKMARK [1][-]{section.12}{\376\377\121\375\145\160\176\277\140\047\145\340\121\163\140\047}{}% 108
\BOOKMARK [2][-]{subsection.12.1}{\376\377\176\257\121\375\145\160\116\016\000\040\000Z\000a\000g\000i\000e\000r\000\040\121\375\145\160\166\204\176\277\140\047\145\340\121\163\140\047}{section.12}% 109
\BOOKMARK [1][-]{section.13}{\376\377\0001\000,\000\040\000\134\000z\000e\000t\000a\000\050\0002\000\051\000,\000\040\000L\000\050\0002\000,\000\040\000\134\000c\000h\000i\000\137\000\173\000-\0003\000\175\000\051\000\040\166\204\176\277\140\047\145\340\121\163\140\047\213\301\146\016}{}% 110
\BOOKMARK [1][-]{section.14}{\376\377\116\044\116\052\133\371\145\160\166\204\116\130\171\357}{}% 111
\BOOKMARK [2][-]{subsection.14.1}{\376\377\000H\000a\000d\000a\000m\000a\000r\000d\000\040\116\130\171\357\116\345\123\312\000\040\000A\000p\000\351\000r\000y\000\040\147\201\226\120}{section.14}% 112
\BOOKMARK [3][-]{subsubsection.14.1.1}{\376\377\215\205\145\066\145\133\172\172\225\364}{subsection.14.1}% 113
\BOOKMARK [3][-]{subsubsection.14.1.2}{\376\377\116\015\123\357\200\375\166\204\000\040\000G\000-\121\375\145\160\166\204\147\204\220\040}{subsection.14.1}% 114
\BOOKMARK [2][-]{subsection.14.2}{\376\377\137\256\122\006\145\271\172\013\000\040\000L\000\050\000G\000A\000\051\000\040\000=\000\040\0000}{section.14}% 115
\BOOKMARK [2][-]{subsection.14.3}{\376\377\176\257\121\375\145\160\116\345\123\312\156\220\201\352\000\040\000G\000\040\166\204\121\375\145\160\166\204\176\277\140\047\145\340\121\163\140\047}{section.14}% 116
\BOOKMARK [2][-]{subsection.14.4}{\376\377\131\107\137\002\160\271\166\204\117\115\177\156}{section.14}% 117
\BOOKMARK [2][-]{subsection.14.5}{\376\377\133\232\164\006\000\040\000C\000\040\166\204\213\301\146\016}{section.14}% 118
\BOOKMARK [1][-]{section.15}{\376\377\210\145\121\105\116\016\217\333\116\000\153\145\225\356\230\230}{}% 119
\BOOKMARK [2][-]{subsection.15.1}{\376\377\116\016\000\040\000S\000i\000e\000g\000e\000l\040\023\000B\000o\000m\000b\000i\000e\000r\000i\040\023\000C\000h\000u\000d\000n\000o\000v\000s\000k\000y\000\040\164\006\213\272\166\204\153\324\217\203}{section.15}% 120
\BOOKMARK [3][-]{subsubsection.15.1.1}{\376\377\123\125\123\330\221\317\164\006\213\272\166\204\203\003\126\364}{subsection.15.1}% 121
\BOOKMARK [3][-]{subsubsection.15.1.2}{\376\377\131\032\123\330\221\317\000\040\000G\000-\121\375\145\160\164\006\213\272}{subsection.15.1}% 122
\BOOKMARK [3][-]{subsubsection.15.1.3}{\376\377\147\145\201\352\000\040\000H\000e\000r\000m\000i\000t\000e\040\023\000P\000a\000d\000\351\000\040\147\204\220\040\166\204\220\024\137\204}{subsection.15.1}% 123
\BOOKMARK [2][-]{subsection.15.2}{\376\377\145\164\000\040\000h\000o\000l\000o\000n\000o\000m\000i\000c\000\040\152\041}{section.15}% 124
\BOOKMARK [2][-]{subsection.15.3}{\376\377\176\277\140\047\145\340\121\163\140\047\166\204\133\232\221\317\162\171\137\201}{section.15}% 125
\BOOKMARK [2][-]{subsection.15.4}{\376\377\176\323\147\204\163\257}{section.15}% 126
\BOOKMARK [2][-]{subsection.15.5}{\376\377\173\227\154\325\225\356\230\230}{section.15}% 127
\BOOKMARK [2][-]{subsection.15.6}{\376\377\000G\000e\000l\000f\000o\000n\000d\040\023\000S\000c\000h\000n\000i\000r\000e\000l\000m\000a\000n\000\040\116\073\230\230}{section.15}% 128
\BOOKMARK [2][-]{subsection.15.7}{\376\377\123\206\123\362\154\350\213\260\116\345\123\312\201\364\214\042}{section.15}% 129
\BOOKMARK [1][-]{appendix.A}{\376\377\220\011\123\326\173\111\232\330\176\277\126\364\220\123}{}% 130
\BOOKMARK [2][-]{subsection.A.1}{\376\377\121\163\116\216\127\006\137\047\116\214\211\322\137\142\377\010\000L\000u\000n\000e\000s\377\011\166\204\121\306\131\007\167\345\213\306}{appendix.A}% 131
\BOOKMARK [2][-]{subsection.A.2}{\376\377\124\036\126\154\123\072\127\337\377\010\000G\000o\000b\000b\000l\000e\000s\377\011}{appendix.A}% 132
\BOOKMARK [2][-]{subsection.A.3}{\376\377\162\355\177\035\377\010\000S\000l\000i\000t\000s\377\011}{appendix.A}% 133
\BOOKMARK [2][-]{subsection.A.4}{\376\377\176\304\124\010\131\032\221\315\162\355\177\035\116\345\123\312\127\006\137\047\116\214\211\322\137\142}{appendix.A}% 134
\BOOKMARK [2][-]{subsection.A.5}{\376\377\224\210\133\371\000\040\000L\000\050\0002\000,\000\040\000\134\000c\000h\000i\000\137\000\173\000-\0003\000\175\000\051\000\040\225\356\230\230\166\204\126\364\220\123}{appendix.A}% 135
\BOOKMARK [2][-]{subsection.A.6}{\376\377\224\210\133\371\133\371\145\160\225\356\230\230\166\204\126\364\220\123}{appendix.A}% 136
\BOOKMARK [1][-]{appendix.B}{\376\377\122\250\140\001\142\275\134\111\123\237\164\006}{}% 137
\BOOKMARK [2][-]{subsection.B.1}{\376\377\213\304\117\060\152\041}{appendix.B}% 138
\BOOKMARK [2][-]{subsection.B.2}{\376\377\142\275\134\111\123\237\164\006}{appendix.B}% 139
\BOOKMARK [2][-]{subsection.B.3}{\376\377\133\371\147\000\117\116\226\066\174\373\145\160\166\204\116\042\165\152\126\376\122\006\147\220}{appendix.B}% 140
